This is pdfTeX, Version 3.14159265-2.6-1.40.16 (TeX Live 2015) (preloaded format=pdflatex 2015.10.16)  25 MAY 2016 11:14
entering extended mode
 restricted \write18 enabled.
 file:line:error style messages enabled.
 %&-line parsing enabled.
**Report.tex
(./Report.tex
LaTeX2e <2015/01/01>
Babel <3.9l> and hyphenation patterns for 79 languages loaded.
(/usr/local/texlive/2015/texmf-dist/tex/latex/base/article.cls
Document Class: article 2014/09/29 v1.4h Standard LaTeX document class
(/usr/local/texlive/2015/texmf-dist/tex/latex/base/size10.clo
File: size10.clo 2014/09/29 v1.4h Standard LaTeX file (size option)
)
\c@part=\count79
\c@section=\count80
\c@subsection=\count81
\c@subsubsection=\count82
\c@paragraph=\count83
\c@subparagraph=\count84
\c@figure=\count85
\c@table=\count86
\abovecaptionskip=\skip41
\belowcaptionskip=\skip42
\bibindent=\dimen102
) (/usr/local/texlive/2015/texmf-dist/tex/latex/graphics/color.sty
Package: color 2014/10/28 v1.1a Standard LaTeX Color (DPC)
 (/usr/local/texlive/2015/texmf-dist/tex/latex/latexconfig/color.cfg
File: color.cfg 2007/01/18 v1.5 color configuration of teTeX/TeXLive
)
Package color Info: Driver file: pdftex.def on input line 142.
 (/usr/local/texlive/2015/texmf-dist/tex/latex/pdftex-def/pdftex.def
File: pdftex.def 2011/05/27 v0.06d Graphics/color for pdfTeX
 (/usr/local/texlive/2015/texmf-dist/tex/generic/oberdiek/infwarerr.sty
Package: infwarerr 2010/04/08 v1.3 Providing info/warning/error messages (HO)
) (/usr/local/texlive/2015/texmf-dist/tex/generic/oberdiek/ltxcmds.sty
Package: ltxcmds 2011/11/09 v1.22 LaTeX kernel commands for general use (HO)
)
\Gread@gobject=\count87
)) (/usr/local/texlive/2015/texmf-dist/tex/latex/cite/cite.sty
LaTeX Info: Redefining \cite on input line 302.
LaTeX Info: Redefining \nocite on input line 332.
Package: cite 2015/02/27  v 5.5
) (/usr/local/texlive/2015/texmf-dist/tex/latex/float/float.sty
Package: float 2001/11/08 v1.3d Float enhancements (AL)
\c@float@type=\count88
\float@exts=\toks14
\float@box=\box26
\@float@everytoks=\toks15
\@floatcapt=\box27
) (/usr/local/texlive/2015/texmf-dist/tex/latex/amsfonts/amsfonts.sty
Package: amsfonts 2013/01/14 v3.01 Basic AMSFonts support
\@emptytoks=\toks16
\symAMSa=\mathgroup4
\symAMSb=\mathgroup5
LaTeX Font Info:    Overwriting math alphabet `\mathfrak' in version `bold'
(Font)                  U/euf/m/n --> U/euf/b/n on input line 106.
) (/usr/local/texlive/2015/texmf-dist/tex/latex/graphics/graphicx.sty
Package: graphicx 2014/10/28 v1.0g Enhanced LaTeX Graphics (DPC,SPQR)
 (/usr/local/texlive/2015/texmf-dist/tex/latex/graphics/keyval.sty
Package: keyval 2014/10/28 v1.15 key=value parser (DPC)
\KV@toks@=\toks17
) (/usr/local/texlive/2015/texmf-dist/tex/latex/graphics/graphics.sty
Package: graphics 2014/10/28 v1.0p Standard LaTeX Graphics (DPC,SPQR)
 (/usr/local/texlive/2015/texmf-dist/tex/latex/graphics/trig.sty
Package: trig 1999/03/16 v1.09 sin cos tan (DPC)
) (/usr/local/texlive/2015/texmf-dist/tex/latex/latexconfig/graphics.cfg
File: graphics.cfg 2010/04/23 v1.9 graphics configuration of TeX Live
)
Package graphics Info: Driver file: pdftex.def on input line 94.
)
\Gin@req@height=\dimen103
\Gin@req@width=\dimen104
) (/usr/local/texlive/2015/texmf-dist/tex/latex/pgfgantt/pgfgantt.sty
Package: pgfgantt 2013/06/01 v4.0 Draw Gantt diagrams with TikZ
 (/usr/local/texlive/2015/texmf-dist/tex/latex/pgf/frontendlayer/tikz.sty (/usr/local/texlive/2015/texmf-dist/tex/latex/pgf/basiclayer/pgf.sty (/usr/local/texlive/2015/texmf-dist/tex/latex/pgf/utilities/pgfrcs.sty (/usr/local/texlive/2015/texmf-dist/tex/generic/pgf/utilities/pgfutil-common.tex
\pgfutil@everybye=\toks18
\pgfutil@tempdima=\dimen105
\pgfutil@tempdimb=\dimen106
 (/usr/local/texlive/2015/texmf-dist/tex/generic/pgf/utilities/pgfutil-common-lists.tex)) (/usr/local/texlive/2015/texmf-dist/tex/generic/pgf/utilities/pgfutil-latex.def
\pgfutil@abb=\box28
 (/usr/local/texlive/2015/texmf-dist/tex/latex/ms/everyshi.sty
Package: everyshi 2001/05/15 v3.00 EveryShipout Package (MS)
)) (/usr/local/texlive/2015/texmf-dist/tex/generic/pgf/utilities/pgfrcs.code.tex
Package: pgfrcs 2013/12/20 v3.0.0 (rcs-revision 1.28)
))
Package: pgf 2013/12/18 v3.0.0 (rcs-revision 1.14)
 (/usr/local/texlive/2015/texmf-dist/tex/latex/pgf/basiclayer/pgfcore.sty (/usr/local/texlive/2015/texmf-dist/tex/latex/pgf/systemlayer/pgfsys.sty (/usr/local/texlive/2015/texmf-dist/tex/generic/pgf/systemlayer/pgfsys.code.tex
Package: pgfsys 2013/11/30 v3.0.0 (rcs-revision 1.47)
 (/usr/local/texlive/2015/texmf-dist/tex/generic/pgf/utilities/pgfkeys.code.tex
\pgfkeys@pathtoks=\toks19
\pgfkeys@temptoks=\toks20
 (/usr/local/texlive/2015/texmf-dist/tex/generic/pgf/utilities/pgfkeysfiltered.code.tex
\pgfkeys@tmptoks=\toks21
))
\pgf@x=\dimen107
\pgf@y=\dimen108
\pgf@xa=\dimen109
\pgf@ya=\dimen110
\pgf@xb=\dimen111
\pgf@yb=\dimen112
\pgf@xc=\dimen113
\pgf@yc=\dimen114
\w@pgf@writea=\write3
\r@pgf@reada=\read1
\c@pgf@counta=\count89
\c@pgf@countb=\count90
\c@pgf@countc=\count91
\c@pgf@countd=\count92
\t@pgf@toka=\toks22
\t@pgf@tokb=\toks23
\t@pgf@tokc=\toks24

(/usr/local/texlive/2015/texmf-dist/tex/generic/pgf/systemlayer/pgf.cfg
File: pgf.cfg 2008/05/14  (rcs-revision 1.7)
)
Driver file for pgf: pgfsys-pdftex.def
 (/usr/local/texlive/2015/texmf-dist/tex/generic/pgf/systemlayer/pgfsys-pdftex.def
File: pgfsys-pdftex.def 2013/07/18  (rcs-revision 1.33)
 (/usr/local/texlive/2015/texmf-dist/tex/generic/pgf/systemlayer/pgfsys-common-pdf.def
File: pgfsys-common-pdf.def 2013/10/10  (rcs-revision 1.13)
))) (/usr/local/texlive/2015/texmf-dist/tex/generic/pgf/systemlayer/pgfsyssoftpath.code.tex
File: pgfsyssoftpath.code.tex 2013/09/09  (rcs-revision 1.9)
\pgfsyssoftpath@smallbuffer@items=\count93
\pgfsyssoftpath@bigbuffer@items=\count94
) (/usr/local/texlive/2015/texmf-dist/tex/generic/pgf/systemlayer/pgfsysprotocol.code.tex
File: pgfsysprotocol.code.tex 2006/10/16  (rcs-revision 1.4)
)) (/usr/local/texlive/2015/texmf-dist/tex/latex/xcolor/xcolor.sty
Package: xcolor 2007/01/21 v2.11 LaTeX color extensions (UK)
 (/usr/local/texlive/2015/texmf-dist/tex/latex/latexconfig/color.cfg
File: color.cfg 2007/01/18 v1.5 color configuration of teTeX/TeXLive
)
Package xcolor Info: Driver file: pdftex.def on input line 225.
LaTeX Info: Redefining \color on input line 702.
Package xcolor Info: Model `cmy' substituted by `cmy0' on input line 1337.
Package xcolor Info: Model `hsb' substituted by `rgb' on input line 1341.
Package xcolor Info: Model `RGB' extended on input line 1353.
Package xcolor Info: Model `HTML' substituted by `rgb' on input line 1355.
Package xcolor Info: Model `Hsb' substituted by `hsb' on input line 1356.
Package xcolor Info: Model `tHsb' substituted by `hsb' on input line 1357.
Package xcolor Info: Model `HSB' substituted by `hsb' on input line 1358.
Package xcolor Info: Model `Gray' substituted by `gray' on input line 1359.
Package xcolor Info: Model `wave' substituted by `hsb' on input line 1360.
) (/usr/local/texlive/2015/texmf-dist/tex/generic/pgf/basiclayer/pgfcore.code.tex
Package: pgfcore 2010/04/11 v3.0.0 (rcs-revision 1.7)
 (/usr/local/texlive/2015/texmf-dist/tex/generic/pgf/math/pgfmath.code.tex (/usr/local/texlive/2015/texmf-dist/tex/generic/pgf/math/pgfmathcalc.code.tex (/usr/local/texlive/2015/texmf-dist/tex/generic/pgf/math/pgfmathutil.code.tex) (/usr/local/texlive/2015/texmf-dist/tex/generic/pgf/math/pgfmathparser.code.tex
\pgfmath@dimen=\dimen115
\pgfmath@count=\count95
\pgfmath@box=\box29
\pgfmath@toks=\toks25
\pgfmath@stack@operand=\toks26
\pgfmath@stack@operation=\toks27
) (/usr/local/texlive/2015/texmf-dist/tex/generic/pgf/math/pgfmathfunctions.code.tex (/usr/local/texlive/2015/texmf-dist/tex/generic/pgf/math/pgfmathfunctions.basic.code.tex) (/usr/local/texlive/2015/texmf-dist/tex/generic/pgf/math/pgfmathfunctions.trigonometric.code.tex) (/usr/local/texlive/2015/texmf-dist/tex/generic/pgf/math/pgfmathfunctions.random.code.tex) (/usr/local/texlive/2015/texmf-dist/tex/generic/pgf/math/pgfmathfunctions.comparison.code.tex) (/usr/local/texlive/2015/texmf-dist/tex/generic/pgf/math/pgfmathfunctions.base.code.tex) (/usr/local/texlive/2015/texmf-dist/tex/generic/pgf/math/pgfmathfunctions.round.code.tex) (/usr/local/texlive/2015/texmf-dist/tex/generic/pgf/math/pgfmathfunctions.misc.code.tex) (/usr/local/texlive/2015/texmf-dist/tex/generic/pgf/math/pgfmathfunctions.integerarithmetics.code.tex))) (/usr/local/texlive/2015/texmf-dist/tex/generic/pgf/math/pgfmathfloat.code.tex
\c@pgfmathroundto@lastzeros=\count96
)) (/usr/local/texlive/2015/texmf-dist/tex/generic/pgf/basiclayer/pgfcorepoints.code.tex
File: pgfcorepoints.code.tex 2013/10/07  (rcs-revision 1.27)
\pgf@picminx=\dimen116
\pgf@picmaxx=\dimen117
\pgf@picminy=\dimen118
\pgf@picmaxy=\dimen119
\pgf@pathminx=\dimen120
\pgf@pathmaxx=\dimen121
\pgf@pathminy=\dimen122
\pgf@pathmaxy=\dimen123
\pgf@xx=\dimen124
\pgf@xy=\dimen125
\pgf@yx=\dimen126
\pgf@yy=\dimen127
\pgf@zx=\dimen128
\pgf@zy=\dimen129
) (/usr/local/texlive/2015/texmf-dist/tex/generic/pgf/basiclayer/pgfcorepathconstruct.code.tex
File: pgfcorepathconstruct.code.tex 2013/10/07  (rcs-revision 1.29)
\pgf@path@lastx=\dimen130
\pgf@path@lasty=\dimen131
)
(/usr/local/texlive/2015/texmf-dist/tex/generic/pgf/basiclayer/pgfcorepathusage.code.tex
File: pgfcorepathusage.code.tex 2013/12/13  (rcs-revision 1.23)
\pgf@shorten@end@additional=\dimen132
\pgf@shorten@start@additional=\dimen133
) (/usr/local/texlive/2015/texmf-dist/tex/generic/pgf/basiclayer/pgfcorescopes.code.tex
File: pgfcorescopes.code.tex 2013/10/09  (rcs-revision 1.44)
\pgfpic=\box30
\pgf@hbox=\box31
\pgf@layerbox@main=\box32
\pgf@picture@serial@count=\count97
) (/usr/local/texlive/2015/texmf-dist/tex/generic/pgf/basiclayer/pgfcoregraphicstate.code.tex
File: pgfcoregraphicstate.code.tex 2013/09/19  (rcs-revision 1.11)
\pgflinewidth=\dimen134
) (/usr/local/texlive/2015/texmf-dist/tex/generic/pgf/basiclayer/pgfcoretransformations.code.tex
File: pgfcoretransformations.code.tex 2013/10/10  (rcs-revision 1.17)
\pgf@pt@x=\dimen135
\pgf@pt@y=\dimen136
\pgf@pt@temp=\dimen137
) (/usr/local/texlive/2015/texmf-dist/tex/generic/pgf/basiclayer/pgfcorequick.code.tex
File: pgfcorequick.code.tex 2008/10/09  (rcs-revision 1.3)
) (/usr/local/texlive/2015/texmf-dist/tex/generic/pgf/basiclayer/pgfcoreobjects.code.tex
File: pgfcoreobjects.code.tex 2006/10/11  (rcs-revision 1.2)
) (/usr/local/texlive/2015/texmf-dist/tex/generic/pgf/basiclayer/pgfcorepathprocessing.code.tex
File: pgfcorepathprocessing.code.tex 2013/09/09  (rcs-revision 1.9)
) (/usr/local/texlive/2015/texmf-dist/tex/generic/pgf/basiclayer/pgfcorearrows.code.tex
File: pgfcorearrows.code.tex 2013/11/07  (rcs-revision 1.40)
\pgfarrowsep=\dimen138
) (/usr/local/texlive/2015/texmf-dist/tex/generic/pgf/basiclayer/pgfcoreshade.code.tex
File: pgfcoreshade.code.tex 2013/07/15  (rcs-revision 1.15)
\pgf@max=\dimen139
\pgf@sys@shading@range@num=\count98
) (/usr/local/texlive/2015/texmf-dist/tex/generic/pgf/basiclayer/pgfcoreimage.code.tex
File: pgfcoreimage.code.tex 2013/07/15  (rcs-revision 1.18)
 (/usr/local/texlive/2015/texmf-dist/tex/generic/pgf/basiclayer/pgfcoreexternal.code.tex
File: pgfcoreexternal.code.tex 2013/07/15  (rcs-revision 1.20)
\pgfexternal@startupbox=\box33
)) (/usr/local/texlive/2015/texmf-dist/tex/generic/pgf/basiclayer/pgfcorelayers.code.tex
File: pgfcorelayers.code.tex 2013/07/18  (rcs-revision 1.7)
) (/usr/local/texlive/2015/texmf-dist/tex/generic/pgf/basiclayer/pgfcoretransparency.code.tex
File: pgfcoretransparency.code.tex 2013/09/30  (rcs-revision 1.5)
) (/usr/local/texlive/2015/texmf-dist/tex/generic/pgf/basiclayer/pgfcorepatterns.code.tex
File: pgfcorepatterns.code.tex 2013/11/07  (rcs-revision 1.5)
))) (/usr/local/texlive/2015/texmf-dist/tex/generic/pgf/modules/pgfmoduleshapes.code.tex
File: pgfmoduleshapes.code.tex 2013/10/31  (rcs-revision 1.34)
\pgfnodeparttextbox=\box34
) (/usr/local/texlive/2015/texmf-dist/tex/generic/pgf/modules/pgfmoduleplot.code.tex
File: pgfmoduleplot.code.tex 2013/07/31  (rcs-revision 1.12)
) (/usr/local/texlive/2015/texmf-dist/tex/latex/pgf/compatibility/pgfcomp-version-0-65.sty
Package: pgfcomp-version-0-65 2007/07/03 v3.0.0 (rcs-revision 1.7)
\pgf@nodesepstart=\dimen140
\pgf@nodesepend=\dimen141
) (/usr/local/texlive/2015/texmf-dist/tex/latex/pgf/compatibility/pgfcomp-version-1-18.sty
Package: pgfcomp-version-1-18 2007/07/23 v3.0.0 (rcs-revision 1.1)
)) (/usr/local/texlive/2015/texmf-dist/tex/latex/pgf/utilities/pgffor.sty (/usr/local/texlive/2015/texmf-dist/tex/latex/pgf/utilities/pgfkeys.sty (/usr/local/texlive/2015/texmf-dist/tex/generic/pgf/utilities/pgfkeys.code.tex)) (/usr/local/texlive/2015/texmf-dist/tex/latex/pgf/math/pgfmath.sty (/usr/local/texlive/2015/texmf-dist/tex/generic/pgf/math/pgfmath.code.tex))
(/usr/local/texlive/2015/texmf-dist/tex/generic/pgf/utilities/pgffor.code.tex
Package: pgffor 2013/12/13 v3.0.0 (rcs-revision 1.25)
 (/usr/local/texlive/2015/texmf-dist/tex/generic/pgf/math/pgfmath.code.tex)
\pgffor@iter=\dimen142
\pgffor@skip=\dimen143
\pgffor@stack=\toks28
\pgffor@toks=\toks29
)) (/usr/local/texlive/2015/texmf-dist/tex/generic/pgf/frontendlayer/tikz/tikz.code.tex
Package: tikz 2013/12/13 v3.0.0 (rcs-revision 1.142)
 (/usr/local/texlive/2015/texmf-dist/tex/generic/pgf/libraries/pgflibraryplothandlers.code.tex
File: pgflibraryplothandlers.code.tex 2013/08/31 v3.0.0 (rcs-revision 1.20)
\pgf@plot@mark@count=\count99
\pgfplotmarksize=\dimen144
)
\tikz@lastx=\dimen145
\tikz@lasty=\dimen146
\tikz@lastxsaved=\dimen147
\tikz@lastysaved=\dimen148
\tikzleveldistance=\dimen149
\tikzsiblingdistance=\dimen150
\tikz@figbox=\box35
\tikz@figbox@bg=\box36
\tikz@tempbox=\box37
\tikz@tempbox@bg=\box38
\tikztreelevel=\count100
\tikznumberofchildren=\count101
\tikznumberofcurrentchild=\count102
\tikz@fig@count=\count103
 (/usr/local/texlive/2015/texmf-dist/tex/generic/pgf/modules/pgfmodulematrix.code.tex
File: pgfmodulematrix.code.tex 2013/09/17  (rcs-revision 1.8)
\pgfmatrixcurrentrow=\count104
\pgfmatrixcurrentcolumn=\count105
\pgf@matrix@numberofcolumns=\count106
)
\tikz@expandcount=\count107
 (/usr/local/texlive/2015/texmf-dist/tex/generic/pgf/frontendlayer/tikz/libraries/tikzlibrarytopaths.code.tex
File: tikzlibrarytopaths.code.tex 2008/06/17 v3.0.0 (rcs-revision 1.2)
))) (/usr/local/texlive/2015/texmf-dist/tex/generic/pgf/frontendlayer/tikz/libraries/tikzlibraryarrows.code.tex
File: tikzlibraryarrows.code.tex 2008/01/09 v3.0.0 (rcs-revision 1.1)
 (/usr/local/texlive/2015/texmf-dist/tex/generic/pgf/libraries/pgflibraryarrows.code.tex
File: pgflibraryarrows.code.tex 2013/09/23 v3.0.0 (rcs-revision 1.16)
\arrowsize=\dimen151
)) (/usr/local/texlive/2015/texmf-dist/tex/generic/pgf/frontendlayer/tikz/libraries/tikzlibrarybackgrounds.code.tex
File: tikzlibrarybackgrounds.code.tex 2013/07/18 v3.0.0 (rcs-revision 1.3)
\pgf@layerbox@background=\box39
\pgf@layerboxsaved@background=\box40
) (/usr/local/texlive/2015/texmf-dist/tex/generic/pgf/frontendlayer/tikz/libraries/tikzlibrarycalc.code.tex
File: tikzlibrarycalc.code.tex 2013/07/15 v3.0.0 (rcs-revision 1.9)
) (/usr/local/texlive/2015/texmf-dist/tex/generic/pgf/frontendlayer/tikz/libraries/tikzlibrarypatterns.code.tex
File: tikzlibrarypatterns.code.tex 2008/01/15 v3.0.0 (rcs-revision 1.2)
 (/usr/local/texlive/2015/texmf-dist/tex/generic/pgf/libraries/pgflibrarypatterns.code.tex
File: pgflibrarypatterns.code.tex 2008/03/03 v3.0.0 (rcs-revision 1.13)
)) (/usr/local/texlive/2015/texmf-dist/tex/generic/pgf/frontendlayer/tikz/libraries/tikzlibrarypositioning.code.tex
File: tikzlibrarypositioning.code.tex 2008/10/06 v3.0.0 (rcs-revision 1.7)
) (/usr/local/texlive/2015/texmf-dist/tex/generic/pgf/frontendlayer/tikz/libraries/tikzlibraryshapes.geometric.code.tex
File: tikzlibraryshapes.geometric.code.tex 2008/01/09 v3.0.0 (rcs-revision 1.1)
 (/usr/local/texlive/2015/texmf-dist/tex/generic/pgf/libraries/shapes/pgflibraryshapes.geometric.code.tex
File: pgflibraryshapes.geometric.code.tex 2008/06/26 v3.0.0 (rcs-revision 1.1)
)) (/usr/local/texlive/2015/texmf-dist/tex/latex/pgf/utilities/pgfcalendar.sty (/usr/local/texlive/2015/texmf-dist/tex/generic/pgf/utilities/pgfcalendar.code.tex
File: pgfcalendar.code.tex 2007/07/23 v3.0.0 (rcs-revision 1.11)
\pgfcalendarcurrentjulian=\count108
))
\gtt@currentline=\count109
\gtt@lasttitleline=\count110
\gtt@currgrid=\count111
\gtt@chartwidth=\count112
\gtt@lasttitleslot=\count113
\gtt@elementid=\count114
\gtt@today@slot=\count115
\gtt@startjulian=\count116
\gtt@endjulian=\count117
\gtt@calendar@slots=\count118
\gtt@calendar@weeknumber=\count119
\gtt@calendar@startofweek=\count120
\gtt@left@slot=\count121
\gtt@right@slot=\count122
) (/usr/local/texlive/2015/texmf-dist/tex/latex/setspace/setspace.sty
Package: setspace 2011/12/19 v6.7a set line spacing
) (/usr/local/texlive/2015/texmf-dist/tex/latex/hyperref/hyperref.sty
Package: hyperref 2012/11/06 v6.83m Hypertext links for LaTeX
 (/usr/local/texlive/2015/texmf-dist/tex/generic/oberdiek/hobsub-hyperref.sty
Package: hobsub-hyperref 2012/05/28 v1.13 Bundle oberdiek, subset hyperref (HO)
 (/usr/local/texlive/2015/texmf-dist/tex/generic/oberdiek/hobsub-generic.sty
Package: hobsub-generic 2012/05/28 v1.13 Bundle oberdiek, subset generic (HO)
Package: hobsub 2012/05/28 v1.13 Construct package bundles (HO)
Package hobsub Info: Skipping package `infwarerr' (already loaded).
Package hobsub Info: Skipping package `ltxcmds' (already loaded).
Package: ifluatex 2010/03/01 v1.3 Provides the ifluatex switch (HO)
Package ifluatex Info: LuaTeX not detected.
Package: ifvtex 2010/03/01 v1.5 Detect VTeX and its facilities (HO)
Package ifvtex Info: VTeX not detected.
Package: intcalc 2007/09/27 v1.1 Expandable calculations with integers (HO)
Package: ifpdf 2011/01/30 v2.3 Provides the ifpdf switch (HO)
Package ifpdf Info: pdfTeX in PDF mode is detected.
Package: etexcmds 2011/02/16 v1.5 Avoid name clashes with e-TeX commands (HO)
Package etexcmds Info: Could not find \expanded.
(etexcmds)             That can mean that you are not using pdfTeX 1.50 or
(etexcmds)             that some package has redefined \expanded.
(etexcmds)             In the latter case, load this package earlier.
Package: kvsetkeys 2012/04/25 v1.16 Key value parser (HO)
Package: kvdefinekeys 2011/04/07 v1.3 Define keys (HO)
Package: pdftexcmds 2011/11/29 v0.20 Utility functions of pdfTeX for LuaTeX (HO)
Package pdftexcmds Info: LuaTeX not detected.
Package pdftexcmds Info: \pdf@primitive is available.
Package pdftexcmds Info: \pdf@ifprimitive is available.
Package pdftexcmds Info: \pdfdraftmode found.
Package: pdfescape 2011/11/25 v1.13 Implements pdfTeX's escape features (HO)
Package: bigintcalc 2012/04/08 v1.3 Expandable calculations on big integers (HO)
Package: bitset 2011/01/30 v1.1 Handle bit-vector datatype (HO)
Package: uniquecounter 2011/01/30 v1.2 Provide unlimited unique counter (HO)
)
Package hobsub Info: Skipping package `hobsub' (already loaded).
Package: letltxmacro 2010/09/02 v1.4 Let assignment for LaTeX macros (HO)
Package: hopatch 2012/05/28 v1.2 Wrapper for package hooks (HO)
Package: xcolor-patch 2011/01/30 xcolor patch
Package: atveryend 2011/06/30 v1.8 Hooks at the very end of document (HO)
Package atveryend Info: \enddocument detected (standard20110627).
Package: atbegshi 2011/10/05 v1.16 At begin shipout hook (HO)
Package: refcount 2011/10/16 v3.4 Data extraction from label references (HO)
Package: hycolor 2011/01/30 v1.7 Color options for hyperref/bookmark (HO)
) (/usr/local/texlive/2015/texmf-dist/tex/generic/ifxetex/ifxetex.sty
Package: ifxetex 2010/09/12 v0.6 Provides ifxetex conditional
)
(/usr/local/texlive/2015/texmf-dist/tex/latex/oberdiek/auxhook.sty
Package: auxhook 2011/03/04 v1.3 Hooks for auxiliary files (HO)
) (/usr/local/texlive/2015/texmf-dist/tex/latex/oberdiek/kvoptions.sty
Package: kvoptions 2011/06/30 v3.11 Key value format for package options (HO)
)
\@linkdim=\dimen152
\Hy@linkcounter=\count123
\Hy@pagecounter=\count124
 (/usr/local/texlive/2015/texmf-dist/tex/latex/hyperref/pd1enc.def
File: pd1enc.def 2012/11/06 v6.83m Hyperref: PDFDocEncoding definition (HO)
)
\Hy@SavedSpaceFactor=\count125
 (/usr/local/texlive/2015/texmf-dist/tex/latex/latexconfig/hyperref.cfg
File: hyperref.cfg 2002/06/06 v1.2 hyperref configuration of TeXLive
)
Package hyperref Info: Hyper figures OFF on input line 4443.
Package hyperref Info: Link nesting OFF on input line 4448.
Package hyperref Info: Hyper index ON on input line 4451.
Package hyperref Info: Plain pages OFF on input line 4458.
Package hyperref Info: Backreferencing OFF on input line 4463.
Package hyperref Info: Implicit mode ON; LaTeX internals redefined.
Package hyperref Info: Bookmarks ON on input line 4688.
\c@Hy@tempcnt=\count126
 (/usr/local/texlive/2015/texmf-dist/tex/latex/url/url.sty
\Urlmuskip=\muskip10
Package: url 2013/09/16  ver 3.4  Verb mode for urls, etc.
)
LaTeX Info: Redefining \url on input line 5041.
\XeTeXLinkMargin=\dimen153
\Fld@menulength=\count127
\Field@Width=\dimen154
\Fld@charsize=\dimen155
Package hyperref Info: Hyper figures OFF on input line 6295.
Package hyperref Info: Link nesting OFF on input line 6300.
Package hyperref Info: Hyper index ON on input line 6303.
Package hyperref Info: backreferencing OFF on input line 6310.
Package hyperref Info: Link coloring OFF on input line 6315.
Package hyperref Info: Link coloring with OCG OFF on input line 6320.
Package hyperref Info: PDF/A mode OFF on input line 6325.
LaTeX Info: Redefining \ref on input line 6365.
LaTeX Info: Redefining \pageref on input line 6369.
\Hy@abspage=\count128
\c@Item=\count129
\c@Hfootnote=\count130
)

Package hyperref Message: Driver (autodetected): hpdftex.

(/usr/local/texlive/2015/texmf-dist/tex/latex/hyperref/hpdftex.def
File: hpdftex.def 2012/11/06 v6.83m Hyperref driver for pdfTeX
\Fld@listcount=\count131
\c@bookmark@seq@number=\count132
 (/usr/local/texlive/2015/texmf-dist/tex/latex/oberdiek/rerunfilecheck.sty
Package: rerunfilecheck 2011/04/15 v1.7 Rerun checks for auxiliary files (HO)
Package uniquecounter Info: New unique counter `rerunfilecheck' on input line 282.
)
\Hy@SectionHShift=\skip43
)
Package hyperref Info: Option `colorlinks' set `true' on input line 17.
 (/Users/Francois/GitHub/FYP/Write Up/.texpadtmp/Report.aux (/Users/Francois/GitHub/FYP/Write Up/.texpadtmp/Introduction.aux) (/Users/Francois/GitHub/FYP/Write Up/.texpadtmp/BackgroudWork.aux

LaTeX Warning: Label `fig:slipangle' multiply defined.


LaTeX Warning: Label `fig:slipangle' multiply defined.

) (/Users/Francois/GitHub/FYP/Write Up/.texpadtmp/LiteratureReview.aux) (/Users/Francois/GitHub/FYP/Write Up/.texpadtmp/Methodology.aux) (/Users/Francois/GitHub/FYP/Write Up/.texpadtmp/Implementation.aux) (/Users/Francois/GitHub/FYP/Write Up/.texpadtmp/Evaluation.aux

LaTeX Warning: Label `fig:chart-KolmogorowSmimov' multiply defined.

) (/Users/Francois/GitHub/FYP/Write Up/.texpadtmp/Conclusion.aux) (/Users/Francois/GitHub/FYP/Write Up/.texpadtmp/Appendices.aux))
\openout1 = `Report.aux'.

LaTeX Font Info:    Checking defaults for OML/cmm/m/it on input line 21.
LaTeX Font Info:    ... okay on input line 21.
LaTeX Font Info:    Checking defaults for T1/cmr/m/n on input line 21.
LaTeX Font Info:    ... okay on input line 21.
LaTeX Font Info:    Checking defaults for OT1/cmr/m/n on input line 21.
LaTeX Font Info:    ... okay on input line 21.
LaTeX Font Info:    Checking defaults for OMS/cmsy/m/n on input line 21.
LaTeX Font Info:    ... okay on input line 21.
LaTeX Font Info:    Checking defaults for OMX/cmex/m/n on input line 21.
LaTeX Font Info:    ... okay on input line 21.
LaTeX Font Info:    Checking defaults for U/cmr/m/n on input line 21.
LaTeX Font Info:    ... okay on input line 21.
LaTeX Font Info:    Checking defaults for PD1/pdf/m/n on input line 21.
LaTeX Font Info:    ... okay on input line 21.
 (/usr/local/texlive/2015/texmf-dist/tex/context/base/supp-pdf.mkii
[Loading MPS to PDF converter (version 2006.09.02).]
\scratchcounter=\count133
\scratchdimen=\dimen156
\scratchbox=\box41
\nofMPsegments=\count134
\nofMParguments=\count135
\everyMPshowfont=\toks30
\MPscratchCnt=\count136
\MPscratchDim=\dimen157
\MPnumerator=\count137
\makeMPintoPDFobject=\count138
\everyMPtoPDFconversion=\toks31
) (/usr/local/texlive/2015/texmf-dist/tex/latex/oberdiek/epstopdf-base.sty
Package: epstopdf-base 2010/02/09 v2.5 Base part for package epstopdf
 (/usr/local/texlive/2015/texmf-dist/tex/latex/oberdiek/grfext.sty
Package: grfext 2010/08/19 v1.1 Manage graphics extensions (HO)
)
Package grfext Info: Graphics extension search list:
(grfext)             [.png,.pdf,.jpg,.mps,.jpeg,.jbig2,.jb2,.PNG,.PDF,.JPG,.JPEG,.JBIG2,.JB2,.eps]
(grfext)             \AppendGraphicsExtensions on input line 452.
 (/usr/local/texlive/2015/texmf-dist/tex/latex/latexconfig/epstopdf-sys.cfg
File: epstopdf-sys.cfg 2010/07/13 v1.3 Configuration of (r)epstopdf for TeX Live
)) ABD: EveryShipout initializing macros
\AtBeginShipoutBox=\box42
Package hyperref Info: Link coloring ON on input line 21.
 (/usr/local/texlive/2015/texmf-dist/tex/latex/hyperref/nameref.sty
Package: nameref 2012/10/27 v2.43 Cross-referencing by name of section
 (/usr/local/texlive/2015/texmf-dist/tex/generic/oberdiek/gettitlestring.sty
Package: gettitlestring 2010/12/03 v1.4 Cleanup title references (HO)
)
\c@section@level=\count139
)
LaTeX Info: Redefining \ref on input line 21.
LaTeX Info: Redefining \pageref on input line 21.
LaTeX Info: Redefining \nameref on input line 21.
 (/Users/Francois/GitHub/FYP/Write Up/.texpadtmp/Report.out) (/Users/Francois/GitHub/FYP/Write Up/.texpadtmp/Report.out)
\@outlinefile=\write4
\openout4 = `Report.out'.

Missing character: There is no Ã in font cmr17!
Missing character: There is no § in font cmr17!
 <images/UOM_Logo.jpg, id=199, 23.52095pt x 32.05678pt>
File: images/UOM_Logo.jpg Graphic file (type jpg)
 <use images/UOM_Logo.jpg>
Package pdftex.def Info: images/UOM_Logo.jpg used on input line 31.
(pdftex.def)             Requested size: 94.0835pt x 128.22675pt.
 [1

{/usr/local/texlive/2015/texmf-var/fonts/map/pdftex/updmap/pdftex.map} <./images/UOM_Logo.jpg>]pdfTeX warning (ext4): destination with the same identifier (name{page.1}) has been already used, duplicate ignored
<to be read again> 
                   \relax 
l.60 \newpage
              [1

] [2] (/Users/Francois/GitHub/FYP/Write Up/.texpadtmp/Report.toc
LaTeX Font Info:    Try loading font information for U+msa on input line 4.
 (/usr/local/texlive/2015/texmf-dist/tex/latex/amsfonts/umsa.fd
File: umsa.fd 2013/01/14 v3.01 AMS symbols A
)
LaTeX Font Info:    Try loading font information for U+msb on input line 4.
 (/usr/local/texlive/2015/texmf-dist/tex/latex/amsfonts/umsb.fd
File: umsb.fd 2013/01/14 v3.01 AMS symbols B
) [3])
\tf@toc=\write5
\openout5 = `Report.toc'.

 [4] (/Users/Francois/GitHub/FYP/Write Up/.texpadtmp/Report.lof)
\tf@lof=\write6
\openout6 = `Report.lof'.

 [5] [6]
\openout2 = `Introduction.aux'.

 (./Introduction.tex
Missing character: There is no â in font cmr10!
Missing character: There is no € in font cmr10!
Missing character: There is no ¢ in font cmr10!
Missing character: There is no â in font cmr10!
Missing character: There is no € in font cmr10!
Missing character: There is no ¢ in font cmr10!
Missing character: There is no â in font cmr10!
Missing character: There is no € in font cmr10!
Missing character: There is no ¢ in font cmr10!
Missing character: There is no â in font cmr10!
Missing character: There is no € in font cmr10!
Missing character: There is no ¢ in font cmr10!
Missing character: There is no â in font cmr10!
Missing character: There is no € in font cmr10!
Missing character: There is no ¢ in font cmr10!
 [7

]) [8]
\openout2 = `BackgroudWork.aux'.

 (./BackgroudWork.tex [9


] <images/cornerraceline.png, id=367, 404.26031pt x 213.04594pt>
File: images/cornerraceline.png Graphic file (type png)
 <use images/cornerraceline.png>
Package pdftex.def Info: images/cornerraceline.png used on input line 14.
(pdftex.def)             Requested size: 377.95062pt x 199.16928pt.

Overfull \hbox (32.95062pt too wide) in paragraph at lines 14--15
 [][] 
 []

[10 <./images/cornerraceline.png>]
Missing character: There is no â in font cmr10!
Missing character: There is no € in font cmr10!
Missing character: There is no ™ in font cmr10!
 <images/slipangle.png, id=374, 579.66562pt x 495.35063pt>
File: images/slipangle.png Graphic file (type png)
 <use images/slipangle.png>
Package pdftex.def Info: images/slipangle.png used on input line 25.
(pdftex.def)             Requested size: 233.06505pt x 199.16928pt.
Missing character: There is no â in font cmr10!
Missing character: There is no € in font cmr10!
Missing character: There is no ™ in font cmr10!
Missing character: There is no â in font cmr10!
Missing character: There is no € in font cmr10!
Missing character: There is no ™ in font cmr10!
Missing character: There is no â in font cmr10!
Missing character: There is no € in font cmr10!
Missing character: There is no ™ in font cmr10!
Missing character: There is no â in font cmr10!
Missing character: There is no € in font cmr10!
Missing character: There is no ™ in font cmr10!
Missing character: There is no â in font cmr10!
Missing character: There is no € in font cmr10!
Missing character: There is no ™ in font cmr10!
Missing character: There is no â in font cmr10!
Missing character: There is no € in font cmr10!
Missing character: There is no ™ in font cmr10!
 [11 <./images/slipangle.png>] <images/overundersteer.png, id=380, 319.94531pt x 209.28188pt>
File: images/overundersteer.png Graphic file (type png)
 <use images/overundersteer.png>
Package pdftex.def Info: images/overundersteer.png used on input line 38.
(pdftex.def)             Requested size: 304.48332pt x 199.16928pt.
 [12] <charts/telemetrydata.jpg, id=392, 889.3225pt x 684.5575pt>
File: charts/telemetrydata.jpg Graphic file (type jpg)
 <use charts/telemetrydata.jpg>
Package pdftex.def Info: charts/telemetrydata.jpg used on input line 50.
(pdftex.def)             Requested size: 258.73825pt x 199.16928pt.
Missing character: There is no â in font cmr10!
Missing character: There is no ‚ in font cmr10!
Missing character: There is no ¬ in font cmr10!
 [13 <./images/overundersteer.png>] <images/proracingrig.png, id=401, 762.85pt x 563.10374pt>
File: images/proracingrig.png Graphic file (type png)
 <use images/proracingrig.png>
Package pdftex.def Info: images/proracingrig.png used on input line 63.
(pdftex.def)             Requested size: 269.8184pt x 199.16928pt.
) [14 <./charts/telemetrydata.jpg>] [15 <./images/proracingrig.png>]
\openout2 = `LiteratureReview.aux'.

 (./LiteratureReview.tex [16


] [17] [18] [19])
\openout2 = `Methodology.aux'.

 (./Methodology.tex
LaTeX Font Info:    Try loading font information for OMS+cmr on input line 2.
 (/usr/local/texlive/2015/texmf-dist/tex/latex/base/omscmr.fd
File: omscmr.fd 2014/09/29 v2.5h Standard LaTeX font definitions
)
LaTeX Font Info:    Font shape `OMS/cmr/m/n' in size <10> not available
(Font)              Font shape `OMS/cmsy/m/n' tried instead on input line 2.
 [20


] [21] <images/experiment-setup-schematic.png, id=485, 650.43pt x 585.18625pt>
File: images/experiment-setup-schematic.png Graphic file (type png)
 <use images/experiment-setup-schematic.png>
Package pdftex.def Info: images/experiment-setup-schematic.png used on input line 28.
(pdftex.def)             Requested size: 345.0pt x 310.39725pt.
 [22 <./images/experiment-setup-schematic.png>] [23] [24]
Overfull \hbox (63.66739pt too wide) in paragraph at lines 75--85
 [] 
 []

[25] [26] [27]
Overfull \hbox (17.50063pt too wide) in paragraph at lines 137--138
\OT1/cmr/m/n/10 are checked for equal dis-tri-bu-tion us-ing the In-de-pen-dent Sam-ples Kolmogorow-
 []

[28]) [29]
\openout2 = `Implementation.aux'.

 (./Implementation.tex
Overfull \hbox (0.3688pt too wide) in paragraph at lines 9--10
[]\OT1/cmr/m/n/10 The teleme-try data in-put and feed-back
 []

[30


] <images/RacingRig.jpg, id=541, 4175.6pt x 3131.7pt>
File: images/RacingRig.jpg Graphic file (type jpg)
 <use images/RacingRig.jpg>
Package pdftex.def Info: images/RacingRig.jpg used on input line 21.
(pdftex.def)             Requested size: 189.6779pt x 142.26378pt.
 <diagrams/trackspliceinputoutput.pdf, id=542, 710.17984pt x 218.62378pt>
File: diagrams/trackspliceinputoutput.pdf Graphic file (type pdf)
 <use diagrams/trackspliceinputoutput.pdf>
Package pdftex.def Info: diagrams/trackspliceinputoutput.pdf used on input line 36.
(pdftex.def)             Requested size: 345.0pt x 106.20587pt.
 [31 <./images/RacingRig.jpg>] <diagrams/vectorCorners.pdf, id=547, 500.29448pt x 318.25047pt>
File: diagrams/vectorCorners.pdf Graphic file (type pdf)
 <use diagrams/vectorCorners.pdf>
Package pdftex.def Info: diagrams/vectorCorners.pdf used on input line 46.
(pdftex.def)             Requested size: 345.0pt x 219.4668pt.
 <diagrams/cornerMidPoint.pdf, id=548, 296.9513pt x 307.14268pt>
File: diagrams/cornerMidPoint.pdf Graphic file (type pdf)
 <use diagrams/cornerMidPoint.pdf>
Package pdftex.def Info: diagrams/cornerMidPoint.pdf used on input line 55.
(pdftex.def)             Requested size: 137.5417pt x 142.26378pt.
 [32 <./diagrams/trackspliceinputoutput.pdf>] <images/tracksplicertool.png, id=576, 882.29625pt x 671.50874pt>
File: images/tracksplicertool.png Graphic file (type png)
 <use images/tracksplicertool.png>
Package pdftex.def Info: images/tracksplicertool.png used on input line 65.
(pdftex.def)             Requested size: 186.91667pt x 142.26378pt.
 [33 <./diagrams/vectorCorners.pdf> <./diagrams/cornerMidPoint.pdf>] <diagrams/ssis.png, id=628, 852.93657pt x 97.86563pt>
File: diagrams/ssis.png Graphic file (type png)
 <use diagrams/ssis.png>
Package pdftex.def Info: diagrams/ssis.png used on input line 78.
(pdftex.def)             Requested size: 345.0pt x 39.58607pt.
 <images/QuadTree.png, id=629, 690.32906pt x 470.50781pt>
File: images/QuadTree.png Graphic file (type png)
 <use images/QuadTree.png>
Package pdftex.def Info: images/QuadTree.png used on input line 89.
(pdftex.def)             Requested size: 208.72247pt x 142.26378pt.
 [34 <./images/tracksplicertool.png> <./diagrams/ssis.png>] <images/SystemArch.png, id=634, 415.5525pt x 371.88937pt>
File: images/SystemArch.png Graphic file (type png)
 <use images/SystemArch.png>
Package pdftex.def Info: images/SystemArch.png used on input line 100.
(pdftex.def)             Requested size: 317.94101pt x 284.52756pt.
 [35 <./images/QuadTree.png>] <diagrams/multithreading.pdf, id=639, 963.6pt x 542.025pt>
File: diagrams/multithreading.pdf Graphic file (type pdf)
 <use diagrams/multithreading.pdf>
Package pdftex.def Info: diagrams/multithreading.pdf used on input line 113.
(pdftex.def)             Requested size: 354.07097pt x 199.16928pt.

Overfull \hbox (9.07097pt too wide) in paragraph at lines 113--114
 [][] 
 []

[36 <./images/SystemArch.png>] [37 <./diagrams/multithreading.pdf>]) [38]
\openout2 = `Evaluation.aux'.

 (./Evaluation.tex <charts/gamesxp.pdf, id=667, 402.49117pt x 417.08664pt>
File: charts/gamesxp.pdf Graphic file (type pdf)
 <use charts/gamesxp.pdf>
Package pdftex.def Info: charts/gamesxp.pdf used on input line 13.
(pdftex.def)             Requested size: 274.58089pt x 284.52756pt.
 <charts/laptimes.png, id=668, 458.46281pt x 396.7322pt>
File: charts/laptimes.png Graphic file (type png)
 <use charts/laptimes.png>
Package pdftex.def Info: charts/laptimes.png used on input line 25.
(pdftex.def)             Requested size: 345.0pt x 298.55936pt.
 [39


] <charts/shapiroWilkResults.pdf, id=673, 430.55913pt x 104.19678pt>
File: charts/shapiroWilkResults.pdf Graphic file (type pdf)
 <use charts/shapiroWilkResults.pdf>
Package pdftex.def Info: charts/shapiroWilkResults.pdf used on input line 34.
(pdftex.def)             Requested size: 345.0pt x 83.49583pt.
 <images/KolmogorowSmimov.png, id=674, 402.00188pt x 146.04562pt>
File: images/KolmogorowSmimov.png Graphic file (type png)
 <use images/KolmogorowSmimov.png>
Package pdftex.def Info: images/KolmogorowSmimov.png used on input line 43.
(pdftex.def)             Requested size: 345.0pt x 125.33603pt.
 [40 <./charts/gamesxp.pdf>] [41 <./charts/laptimes.png> <./charts/shapiroWilkResults.pdf>] <charts/Mann-Whitney.pdf, id=756, 276.8381pt x 212.03465pt>
File: charts/Mann-Whitney.pdf Graphic file (type pdf)
 <use charts/Mann-Whitney.pdf>
Package pdftex.def Info: charts/Mann-Whitney.pdf used on input line 55.
(pdftex.def)             Requested size: 345.0pt x 264.26291pt.
 [42 <./images/KolmogorowSmimov.png> <./charts/Mann-Whitney.pdf>] <charts/Mann-Whitney-Sessions.pdf, id=777, 315.05498pt x 177.78691pt>
File: charts/Mann-Whitney-Sessions.pdf Graphic file (type pdf)
 <use charts/Mann-Whitney-Sessions.pdf>
Package pdftex.def Info: charts/Mann-Whitney-Sessions.pdf used on input line 64.
(pdftex.def)             Requested size: 345.0pt x 194.69809pt.
 <charts/feedbacksystemfeedback.pdf, id=778, 397.69112pt x 216.7813pt>
File: charts/feedbacksystemfeedback.pdf Graphic file (type pdf)
 <use charts/feedbacksystemfeedback.pdf>
Package pdftex.def Info: charts/feedbacksystemfeedback.pdf used on input line 76.
(pdftex.def)             Requested size: 345.0pt x 188.05902pt.
 [43 <./charts/Mann-Whitney-Sessions.pdf>] [44 <./charts/feedbacksystemfeedback.pdf>]) [45]
\openout2 = `Conclusion.aux'.

 (./Conclusion.tex) [46


]
\openout2 = `Appendices.aux'.

 (./Appendices.tex <charts/genderAge.pdf, id=863, 746.81708pt x 488.96191pt>
File: charts/genderAge.pdf Graphic file (type pdf)
 <use charts/genderAge.pdf>
Package pdftex.def Info: charts/genderAge.pdf used on input line 5.
(pdftex.def)             Requested size: 304.20277pt x 199.16928pt.
 <charts/licenseddriversexperience.pdf, id=864, 744.6794pt x 489.17558pt>
File: charts/licenseddriversexperience.pdf Graphic file (type pdf)
 <use charts/licenseddriversexperience.pdf>
Package pdftex.def Info: charts/licenseddriversexperience.pdf used on input line 12.
(pdftex.def)             Requested size: 303.19566pt x 199.16928pt.
 <charts/choices.pdf, id=865, 443.1143pt x 202.6253pt>
File: charts/choices.pdf Graphic file (type pdf)
 <use charts/choices.pdf>
Package pdftex.def Info: charts/choices.pdf used on input line 19.
(pdftex.def)             Requested size: 311.13124pt x 142.26378pt.
 <charts/realistic.pdf, id=866, 480.04791pt x 275.48119pt>
File: charts/realistic.pdf Graphic file (type pdf)
 <use charts/realistic.pdf>
Package pdftex.def Info: charts/realistic.pdf used on input line 26.
(pdftex.def)             Requested size: 347.07724pt x 199.16928pt.

Overfull \hbox (2.07724pt too wide) in paragraph at lines 26--27
 [][] 
 []

<charts/intrusivefeedback.pdf, id=867, 366.02505pt x 409.01639pt>
File: charts/intrusivefeedback.pdf Graphic file (type pdf)
 <use charts/intrusivefeedback.pdf>
Package pdftex.def Info: charts/intrusivefeedback.pdf used on input line 33.
(pdftex.def)             Requested size: 178.23682pt x 199.16928pt.
) [47


 <./charts/genderAge.pdf> <./charts/licenseddriversexperience.pdf>] [48 <./charts/choices.pdf> <./charts/realistic.pdf>] [49 <./charts/intrusivefeedback.pdf>] (/Users/Francois/GitHub/FYP/Write Up/.texpadtmp/Report.bbl [50

] [51]) [52]
Package atveryend Info: Empty hook `BeforeClearDocument' on input line 102.
Package atveryend Info: Empty hook `AfterLastShipout' on input line 102.
 (/Users/Francois/GitHub/FYP/Write Up/.texpadtmp/Report.aux (/Users/Francois/GitHub/FYP/Write Up/.texpadtmp/Introduction.aux) (/Users/Francois/GitHub/FYP/Write Up/.texpadtmp/BackgroudWork.aux) (/Users/Francois/GitHub/FYP/Write Up/.texpadtmp/LiteratureReview.aux) (/Users/Francois/GitHub/FYP/Write Up/.texpadtmp/Methodology.aux) (/Users/Francois/GitHub/FYP/Write Up/.texpadtmp/Implementation.aux) (/Users/Francois/GitHub/FYP/Write Up/.texpadtmp/Evaluation.aux) (/Users/Francois/GitHub/FYP/Write Up/.texpadtmp/Conclusion.aux) (/Users/Francois/GitHub/FYP/Write Up/.texpadtmp/Appendices.aux))
Package atveryend Info: Executing hook `AtVeryEndDocument' on input line 102.
Package atveryend Info: Executing hook `AtEndAfterFileList' on input line 102.
Package rerunfilecheck Info: File `Report.out' has not changed.
(rerunfilecheck)             Checksum: B4705C4CC1768E280B87410224628F75;3189.


LaTeX Warning: There were multiply-defined labels.

Package atveryend Info: Empty hook `AtVeryVeryEnd' on input line 102.
 ) 
Here is how much of TeX's memory you used:
 17378 strings out of 493089
 348881 string characters out of 6134841
 411457 words of memory out of 5000000
 20310 multiletter control sequences out of 15000+600000
 8715 words of font info for 33 fonts, out of 8000000 for 9000
 1141 hyphenation exceptions out of 8191
 62i,8n,65p,2128b,435s stack positions out of 5000i,500n,10000p,200000b,80000s
</usr/local/texlive/2015/texmf-dist/fonts/type1/public/amsfonts/cm/cmbx10.pfb></usr/local/texlive/2015/texmf-dist/fonts/type1/public/amsfonts/cm/cmbx12.pfb></usr/local/texlive/2015/texmf-dist/fonts/type1/public/amsfonts/cm/cmbx9.pfb></usr/local/texlive/2015/texmf-dist/fonts/type1/public/amsfonts/cm/cmr10.pfb></usr/local/texlive/2015/texmf-dist/fonts/type1/public/amsfonts/cm/cmr12.pfb></usr/local/texlive/2015/texmf-dist/fonts/type1/public/amsfonts/cm/cmr17.pfb></usr/local/texlive/2015/texmf-dist/fonts/type1/public/amsfonts/cm/cmr9.pfb></usr/local/texlive/2015/texmf-dist/fonts/type1/public/amsfonts/cm/cmsy10.pfb></usr/local/texlive/2015/texmf-dist/fonts/type1/public/amsfonts/cm/cmti10.pfb></usr/local/texlive/2015/texmf-dist/fonts/type1/public/amsfonts/symbols/msam10.pfb>
Output written on "/Users/Francois/GitHub/FYP/Write Up/.texpadtmp/Report.pdf" (53 pages, 3539570 bytes).
PDF statistics:
 1401 PDF objects out of 1440 (max. 8388607)
 1089 compressed objects within 11 object streams
 163 named destinations out of 1000 (max. 500000)
 537 words of extra memory for PDF output out of 10000 (max. 10000000)

