\BOOKMARK [0][-]{chapter.1}{Introduction}{}% 1
\BOOKMARK [1][-]{section.1.1}{Aims and Objectives}{chapter.1}% 2
\BOOKMARK [1][-]{section.1.2}{Dissertation Overview}{chapter.1}% 3
\BOOKMARK [0][-]{chapter.2}{Background}{}% 4
\BOOKMARK [1][-]{section.2.1}{Motorsport Racing}{chapter.2}% 5
\BOOKMARK [2][-]{subsection.2.1.1}{Racing Line}{section.2.1}% 6
\BOOKMARK [2][-]{subsection.2.1.2}{Cornering and Braking}{section.2.1}% 7
\BOOKMARK [2][-]{subsection.2.1.3}{Telemetry Data}{section.2.1}% 8
\BOOKMARK [1][-]{section.2.2}{Racing Simulation Rigs}{chapter.2}% 9
\BOOKMARK [1][-]{section.2.3}{Summary}{chapter.2}% 10
\BOOKMARK [0][-]{chapter.3}{Literature Review}{}% 11
\BOOKMARK [1][-]{section.3.1}{Video Games and Serious Games}{chapter.3}% 12
\BOOKMARK [2][-]{subsection.3.1.1}{Pedagogy}{section.3.1}% 13
\BOOKMARK [1][-]{section.3.2}{Racing Simulation Games}{chapter.3}% 14
\BOOKMARK [1][-]{section.3.3}{Summary}{chapter.3}% 15
\BOOKMARK [0][-]{chapter.4}{Research Methodology}{}% 16
\BOOKMARK [1][-]{section.4.1}{Overview}{chapter.4}% 17
\BOOKMARK [1][-]{section.4.2}{Experiment Design}{chapter.4}% 18
\BOOKMARK [1][-]{section.4.3}{Experiment Materials}{chapter.4}% 19
\BOOKMARK [2][-]{subsection.4.3.1}{Hardware Selection}{section.4.3}% 20
\BOOKMARK [2][-]{subsection.4.3.2}{Software selection}{section.4.3}% 21
\BOOKMARK [1][-]{section.4.4}{Participant Information and Feedback}{chapter.4}% 22
\BOOKMARK [1][-]{section.4.5}{Experiment Procedure}{chapter.4}% 23
\BOOKMARK [1][-]{section.4.6}{Data Collection and Sampling}{chapter.4}% 24
\BOOKMARK [1][-]{section.4.7}{Data Analysis}{chapter.4}% 25
\BOOKMARK [1][-]{section.4.8}{Summary}{chapter.4}% 26
\BOOKMARK [0][-]{chapter.5}{Design and Implementation}{}% 27
\BOOKMARK [1][-]{section.5.1}{Requirements}{chapter.5}% 28
\BOOKMARK [1][-]{section.5.2}{Content Creation and Annotation}{chapter.5}% 29
\BOOKMARK [2][-]{subsection.5.2.1}{Track Splicing}{section.5.2}% 30
\BOOKMARK [2][-]{subsection.5.2.2}{Persistence of Telemetry Data}{section.5.2}% 31
\BOOKMARK [2][-]{subsection.5.2.3}{Spatial Queries}{section.5.2}% 32
\BOOKMARK [1][-]{section.5.3}{System Architecture}{chapter.5}% 33
\BOOKMARK [2][-]{subsection.5.3.1}{Telemetry Input Interface}{section.5.3}% 34
\BOOKMARK [2][-]{subsection.5.3.2}{Processing}{section.5.3}% 35
\BOOKMARK [2][-]{subsection.5.3.3}{Feedback Categories}{section.5.3}% 36
\BOOKMARK [2][-]{subsection.5.3.4}{Output Interface}{section.5.3}% 37
\BOOKMARK [2][-]{subsection.5.3.5}{Summary}{section.5.3}% 38
\BOOKMARK [0][-]{chapter.6}{Evaluation}{}% 39
\BOOKMARK [1][-]{section.6.1}{Experiment Setup}{chapter.6}% 40
\BOOKMARK [1][-]{section.6.2}{Sample Demographic}{chapter.6}% 41
\BOOKMARK [1][-]{section.6.3}{Distribution Tests}{chapter.6}% 42
\BOOKMARK [1][-]{section.6.4}{Experiments Results}{chapter.6}% 43
\BOOKMARK [1][-]{section.6.5}{Participant Feedback}{chapter.6}% 44
\BOOKMARK [1][-]{section.6.6}{Discussion}{chapter.6}% 45
\BOOKMARK [1][-]{section.6.7}{Summary}{chapter.6}% 46
\BOOKMARK [0][-]{chapter.7}{Conclusion}{}% 47
\BOOKMARK [1][-]{section.7.1}{Future Work}{chapter.7}% 48
\BOOKMARK [0][-]{section*.10}{Appendices}{}% 49
\BOOKMARK [0][-]{Appendix.1.A}{}{}% 50
\BOOKMARK [1][-]{section.1.A.1}{Further experiment results}{Appendix.1.A}% 51
\BOOKMARK [2][-]{subsection.1.A.1.1}{Histograms}{section.1.A.1}% 52
\BOOKMARK [0][-]{Appendix.1.B}{}{}% 53
\BOOKMARK [1][-]{section.1.B.1}{Transcript of the feedback audio files}{Appendix.1.B}% 54
