\BOOKMARK [0][-]{chapter.1}{Introduction}{}% 1
\BOOKMARK [1][-]{section.1.1}{Motivation}{chapter.1}% 2
\BOOKMARK [1][-]{section.1.2}{Why the problem is non-trivial}{chapter.1}% 3
\BOOKMARK [0][-]{chapter.2}{Background}{}% 4
\BOOKMARK [1][-]{section.2.1}{Motorsport racing}{chapter.2}% 5
\BOOKMARK [2][-]{subsection.2.1.1}{Racing Line}{section.2.1}% 6
\BOOKMARK [2][-]{subsection.2.1.2}{Cornering and braking}{section.2.1}% 7
\BOOKMARK [2][-]{subsection.2.1.3}{Telemetry data}{section.2.1}% 8
\BOOKMARK [1][-]{section.2.2}{Racing Rigs}{chapter.2}% 9
\BOOKMARK [0][-]{chapter.3}{Literature Review}{}% 10
\BOOKMARK [1][-]{section.3.1}{Video Games and Serious Games}{chapter.3}% 11
\BOOKMARK [2][-]{subsection.3.1.1}{Pedagogy}{section.3.1}% 12
\BOOKMARK [1][-]{section.3.2}{Racing Simulation Games}{chapter.3}% 13
\BOOKMARK [1][-]{section.3.3}{Summary}{chapter.3}% 14
\BOOKMARK [0][-]{chapter.4}{Research Methodology}{}% 15
\BOOKMARK [1][-]{section.4.1}{Overview}{chapter.4}% 16
\BOOKMARK [1][-]{section.4.2}{Experiment Design}{chapter.4}% 17
\BOOKMARK [1][-]{section.4.3}{Experiment Materials}{chapter.4}% 18
\BOOKMARK [2][-]{subsection.4.3.1}{Hardware choice}{section.4.3}% 19
\BOOKMARK [2][-]{subsection.4.3.2}{Software choice}{section.4.3}% 20
\BOOKMARK [2][-]{subsection.4.3.3}{Questionnaire}{section.4.3}% 21
\BOOKMARK [2][-]{subsection.4.3.4}{Participants' Demographic}{section.4.3}% 22
\BOOKMARK [2][-]{subsection.4.3.5}{Participants' Insight}{section.4.3}% 23
\BOOKMARK [1][-]{section.4.4}{Procedure}{chapter.4}% 24
\BOOKMARK [1][-]{section.4.5}{Data Collection and Sampling}{chapter.4}% 25
\BOOKMARK [1][-]{section.4.6}{Data Analysis}{chapter.4}% 26
\BOOKMARK [0][-]{chapter.5}{Design and Implementation}{}% 27
\BOOKMARK [1][-]{section.5.1}{Requirements}{chapter.5}% 28
\BOOKMARK [2][-]{subsection.5.1.1}{Sim Racing Rig}{section.5.1}% 29
\BOOKMARK [1][-]{section.5.2}{Supporting tools}{chapter.5}% 30
\BOOKMARK [2][-]{subsection.5.2.1}{Track Splicer}{section.5.2}% 31
\BOOKMARK [2][-]{subsection.5.2.2}{Log files Data Store}{section.5.2}% 32
\BOOKMARK [2][-]{subsection.5.2.3}{Spatial Querying}{section.5.2}% 33
\BOOKMARK [1][-]{section.5.3}{System Architecture}{chapter.5}% 34
\BOOKMARK [2][-]{subsection.5.3.1}{Telemetry Input Interface}{section.5.3}% 35
\BOOKMARK [2][-]{subsection.5.3.2}{Processing}{section.5.3}% 36
\BOOKMARK [2][-]{subsection.5.3.3}{Feedbacks being provided}{section.5.3}% 37
\BOOKMARK [2][-]{subsection.5.3.4}{Output Interface}{section.5.3}% 38
\BOOKMARK [0][-]{chapter.6}{Evaluation}{}% 39
\BOOKMARK [1][-]{section.6.1}{Demographic of The Sample}{chapter.6}% 40
\BOOKMARK [1][-]{section.6.2}{Distribution Tests}{chapter.6}% 41
\BOOKMARK [1][-]{section.6.3}{Feedback System Results}{chapter.6}% 42
\BOOKMARK [1][-]{section.6.4}{Users' Feedback}{chapter.6}% 43
\BOOKMARK [1][-]{section.6.5}{Discussion}{chapter.6}% 44
\BOOKMARK [0][-]{chapter.7}{Conclusion}{}% 45
\BOOKMARK [1][-]{section.7.1}{Future Work}{chapter.7}% 46
\BOOKMARK [1][-]{section.7.2}{Charts}{chapter.7}% 47
