\BOOKMARK [1][-]{section.1}{Introduction}{}% 1
\BOOKMARK [2][-]{subsection.1.1}{Aims and Objectives}{section.1}% 2
\BOOKMARK [1][-]{section.2}{Background}{}% 3
\BOOKMARK [2][-]{subsection.2.1}{Car and Circuit Dynamics}{section.2}% 4
\BOOKMARK [3][-]{subsubsection.2.1.1}{Telemetry Data}{subsection.2.1}% 5
\BOOKMARK [2][-]{subsection.2.2}{Racing Simulation Rigs}{section.2}% 6
\BOOKMARK [1][-]{section.3}{Related Work}{}% 7
\BOOKMARK [1][-]{section.4}{Methodology}{}% 8
\BOOKMARK [2][-]{subsection.4.1}{Experiment Design}{section.4}% 9
\BOOKMARK [2][-]{subsection.4.2}{Experiment Materials}{section.4}% 10
\BOOKMARK [2][-]{subsection.4.3}{Experiment Procedure}{section.4}% 11
\BOOKMARK [2][-]{subsection.4.4}{Data Collection, Sampling and Analysis}{section.4}% 12
\BOOKMARK [1][-]{section.5}{Telemetry Assisted Racing}{}% 13
\BOOKMARK [1][-]{section.6}{Evaluation}{}% 14
\BOOKMARK [2][-]{subsection.6.1}{Sample Demographic}{section.6}% 15
\BOOKMARK [2][-]{subsection.6.2}{Experiments Results}{section.6}% 16
\BOOKMARK [2][-]{subsection.6.3}{Participant Feedback}{section.6}% 17
\BOOKMARK [2][-]{subsection.6.4}{Discussion}{section.6}% 18
\BOOKMARK [1][-]{section.7}{Conclusions}{}% 19
\BOOKMARK [2][-]{subsection.7.1}{Future Work}{section.7}% 20
\BOOKMARK [1][-]{section.8}{References}{}% 21
